#
# A fatal error has been detected by the Java Runtime Environment:
#
#  EXCEPTION_ACCESS_VIOLATION (0xc0000005) at pc=0x00007ffd201bc75d, pid=11876, tid=0x0000000000002d60
#
# JRE version: OpenJDK Runtime Environment (8.0_302-b08) (build 1.8.0_302-b08)
# Java VM: OpenJDK 64-Bit Server VM (25.302-b08 mixed mode windows-amd64 compressed oops)
# Problematic frame:
# C  [lwjgl_opengl.dll+0xc75d]
#
# Failed to write core dump. Minidumps are not enabled by default on client versions of Windows
#
# If you would like to submit a bug report, please visit:
#   https://github.com/corretto/corretto-8/issues/
# The crash happened outside the Java Virtual Machine in native code.
# See problematic frame for where to report the bug.
#

---------------  T H R E A D  ---------------

Current thread (0x00000000004ac000):  JavaThread "main" [_thread_in_native, id=11616, stack(0x00000000020e0000,0x00000000021e0000)]

siginfo: ExceptionCode=0xc0000005, reading address 0x00000000000002d8

Registers:
RAX=0x000000001e1b36e0, RBX=0x000000001b6d3090, RCX=0x0000000000000001, RDX=0x000000001e20c7b0
RSP=0x00000000021df378, RBP=0x00000000021df400, RSI=0x0000000000000188, RDI=0x0000000002207bb0
R8 =0x0000000000000001, R9 =0x000000001e20c7b0, R10=0x0000000000000000, R11=0x000000006a9d1910
R12=0x0000000000000000, R13=0x000000001b6d3090, R14=0x00000000021df430, R15=0x00000000004ac000
RIP=0x00007ffd201bc75d, EFLAGS=0x0000000000010202

Top of Stack: (sp=0x00000000021df378)
0x00000000021df378:   0000000002218a07 0000000002207bb0
0x00000000021df388:   000000000221873d 00000000004ac000
0x00000000021df398:   000000001b6d3090 0000000000000188
0x00000000021df3a8:   00000000004ac000 00000000021df4a8
0x00000000021df3b8:   0000000002218702 00000000021df3c0
0x00000000021df3c8:   000000001b6d3090 00000000021df430
0x00000000021df3d8:   000000001b6dd130 0000000000000000
0x00000000021df3e8:   000000001b6d3090 0000000000000000
0x00000000021df3f8:   00000000021df420 00000000021df478
0x00000000021df408:   000000000220809d 000000076bb25ab8
0x00000000021df418:   0000000002211f18 000000001e20c7b0
0x00000000021df428:   000000076bb25e68 0000000000000001
0x00000000021df438:   00000000021df438 000000001b6d3204
0x00000000021df448:   00000000021df4a8 000000001b6dd130
0x00000000021df458:   0000000000000000 000000001b6d3270
0x00000000021df468:   00000000021df420 00000000021df4b0 

Instructions: (pc=0x00007ffd201bc75d)
0x00007ffd201bc73d:   c8 02 00 00 cc cc cc cc cc cc cc cc cc cc cc cc
0x00007ffd201bc74d:   cc cc cc 48 8b 01 49 8b d1 41 8b c8 4c 8b 50 18
0x00007ffd201bc75d:   49 ff a2 d8 02 00 00 cc cc cc cc cc cc cc cc cc
0x00007ffd201bc76d:   cc cc cc 48 8b 01 49 8b d1 41 8b c8 4c 8b 50 18 


Register to memory mapping:

RAX=0x000000001e1b36e0 is an unknown value
RBX={method} {0x000000001b6d3098} 'nglGenTextures' '(IJ)V' in 'org/lwjgl/opengl/GL11C'
RCX=0x0000000000000001 is an unknown value
RDX=0x000000001e20c7b0 is an unknown value
RSP=0x00000000021df378 is pointing into the stack for thread: 0x00000000004ac000
RBP=0x00000000021df400 is pointing into the stack for thread: 0x00000000004ac000
RSI=0x0000000000000188 is an unknown value
RDI=0x0000000002207bb0 is at code_begin+1040 in an Interpreter codelet
invoke return entry points  [0x00000000022077a0, 0x0000000002208180]  2528 bytes
R8 =0x0000000000000001 is an unknown value
R9 =0x000000001e20c7b0 is an unknown value
R10=0x0000000000000000 is an unknown value
R11=0x000000006a9d1910 is an unknown value
R12=0x0000000000000000 is an unknown value
R13={method} {0x000000001b6d3098} 'nglGenTextures' '(IJ)V' in 'org/lwjgl/opengl/GL11C'
R14=0x00000000021df430 is pointing into the stack for thread: 0x00000000004ac000
R15=0x00000000004ac000 is a thread


Stack: [0x00000000020e0000,0x00000000021e0000],  sp=0x00000000021df378,  free space=1020k
Native frames: (J=compiled Java code, j=interpreted, Vv=VM code, C=native code)
C  [lwjgl_opengl.dll+0xc75d]

Java frames: (J=compiled Java code, j=interpreted, Vv=VM code)
j  org.lwjgl.opengl.GL11C.nglGenTextures(IJ)V+0
j  org.lwjgl.opengl.GL11C.glGenTextures()I+20
j  org.lwjgl.opengl.GL11.glGenTextures()I+0
j  org.lpc.render.textures.Texture.loadTexture(Ljava/lang/String;)I+83
j  org.lpc.render.textures.Texture.<init>(Ljava/lang/String;)V+7
j  org.lpc.render.textures.TextureHandler.loadTexture(ILjava/lang/String;)V+13
j  org.lpc.render.Renderer.initTextures()V+13
j  org.lpc.render.Renderer.<init>()V+34
j  org.lpc.handler.RenderHandler.<init>()V+27
j  org.lpc.Game.initHandler()V+38
j  org.lpc.Game.run()V+14
j  org.lpc.Main.main([Ljava/lang/String;)V+5
v  ~StubRoutines::call_stub

---------------  P R O C E S S  ---------------

Java Threads: ( => current thread )
  0x000000001c41f800 JavaThread "Service Thread" daemon [_thread_blocked, id=2600, stack(0x000000001db40000,0x000000001dc40000)]
  0x000000001c3a3000 JavaThread "C1 CompilerThread2" daemon [_thread_blocked, id=15872, stack(0x000000001da40000,0x000000001db40000)]
  0x000000001c393000 JavaThread "C2 CompilerThread1" daemon [_thread_blocked, id=14364, stack(0x000000001d940000,0x000000001da40000)]
  0x000000001c399800 JavaThread "C2 CompilerThread0" daemon [_thread_blocked, id=13848, stack(0x000000001d840000,0x000000001d940000)]
  0x000000001c389800 JavaThread "Attach Listener" daemon [_thread_blocked, id=17808, stack(0x000000001d740000,0x000000001d840000)]
  0x000000001c388000 JavaThread "Signal Dispatcher" daemon [_thread_blocked, id=8184, stack(0x000000001d640000,0x000000001d740000)]
  0x000000001c35d800 JavaThread "Finalizer" daemon [_thread_blocked, id=4648, stack(0x000000001d430000,0x000000001d530000)]
  0x000000001c355800 JavaThread "Reference Handler" daemon [_thread_blocked, id=9864, stack(0x000000001d330000,0x000000001d430000)]
=>0x00000000004ac000 JavaThread "main" [_thread_in_native, id=11616, stack(0x00000000020e0000,0x00000000021e0000)]

Other Threads:
  0x000000001b9bc000 VMThread [stack: 0x000000001d230000,0x000000001d330000] [id=12316]
  0x000000001c42b800 WatcherThread [stack: 0x000000001dc40000,0x000000001dd40000] [id=17636]

VM state:not at safepoint (normal execution)

VM Mutex/Monitor currently owned by a thread: None

heap address: 0x00000006c1400000, size: 4076 MB, Compressed Oops mode: Zero based, Oop shift amount: 3
Narrow klass base: 0x0000000000000000, Narrow klass shift: 3
Compressed class space size: 1073741824 Address: 0x00000007c0000000

Heap:
 PSYoungGen      total 76288K, used 10486K [0x000000076b180000, 0x0000000770680000, 0x00000007c0000000)
  eden space 65536K, 16% used [0x000000076b180000,0x000000076bbbd800,0x000000076f180000)
  from space 10752K, 0% used [0x000000076fc00000,0x000000076fc00000,0x0000000770680000)
  to   space 10752K, 0% used [0x000000076f180000,0x000000076f180000,0x000000076fc00000)
 ParOldGen       total 175104K, used 0K [0x00000006c1400000, 0x00000006cbf00000, 0x000000076b180000)
  object space 175104K, 0% used [0x00000006c1400000,0x00000006c1400000,0x00000006cbf00000)
 Metaspace       used 6858K, capacity 7028K, committed 7168K, reserved 1056768K
  class space    used 671K, capacity 760K, committed 768K, reserved 1048576K

Card table byte_map: [0x00000000115c0000,0x0000000011dc0000] byte_map_base: 0x000000000dfb6000

Marking Bits: (ParMarkBitMap*) 0x000000006afc1820
 Begin Bits: [0x0000000012910000, 0x00000000168c0000)
 End Bits:   [0x00000000168c0000, 0x000000001a870000)

Polling page: 0x0000000000460000

CodeCache: size=245760Kb used=2645Kb max_used=2645Kb free=243114Kb
 bounds [0x0000000002200000, 0x00000000024a0000, 0x0000000011200000]
 total_blobs=1483 nmethods=557 adapters=839
 compilation: enabled

Compilation events (10 events):
Event: 0.505 Thread 0x000000001c3a3000  552       3       java.util.jar.JarFile::maybeInstantiateVerifier (96 bytes)
Event: 0.505 Thread 0x000000001c3a3000 nmethod 552 0x0000000002494210 code [0x0000000002494440, 0x0000000002495108]
Event: 0.505 Thread 0x000000001c3a3000  553       3       java.nio.DirectLongBufferU::put (18 bytes)
Event: 0.506 Thread 0x000000001c3a3000 nmethod 553 0x000000000248e210 code [0x000000000248e380, 0x000000000248e5f0]
Event: 0.506 Thread 0x000000001c3a3000  554       3       java.lang.ref.WeakReference::<init> (7 bytes)
Event: 0.506 Thread 0x000000001c3a3000 nmethod 554 0x00000000024956d0 code [0x0000000002495840, 0x0000000002495af0]
Event: 0.506 Thread 0x000000001c3a3000  556       3       org.lwjgl.system.MemoryUtil::memPutAddress (29 bytes)
Event: 0.506 Thread 0x000000001c3a3000 nmethod 556 0x0000000002495bd0 code [0x0000000002495d20, 0x0000000002495e90]
Event: 0.506 Thread 0x000000001c3a3000  557       1       java.lang.Integer::toUnsignedLong (7 bytes)
Event: 0.507 Thread 0x000000001c3a3000 nmethod 557 0x0000000002495f10 code [0x0000000002496060, 0x0000000002496150]

GC Heap History (0 events):
No events

Deoptimization events (1 events):
Event: 0.203 Thread 0x00000000004ac000 Uncommon trap: reason=unstable_if action=reinterpret pc=0x00000000023950bc method=java.lang.String.indexOf([CII[CIII)I @ 3

Classes redefined (0 events):
No events

Internal exceptions (10 events):
Event: 0.224 Thread 0x00000000004ac000 Exception <a 'java/security/PrivilegedActionException'> (0x000000076b833048) thrown at [C:\wsjdk\Corretto8Src\installers\windows\zip\corretto-build\buildRoot\src\hotspot\src\share\vm\prims\jvm.cpp, line 1523]
Event: 0.224 Thread 0x00000000004ac000 Exception <a 'java/security/PrivilegedActionException'> (0x000000076b833258) thrown at [C:\wsjdk\Corretto8Src\installers\windows\zip\corretto-build\buildRoot\src\hotspot\src\share\vm\prims\jvm.cpp, line 1523]
Event: 0.243 Thread 0x00000000004ac000 Exception <a 'sun/nio/fs/WindowsException'> (0x000000076b913060) thrown at [C:\wsjdk\Corretto8Src\installers\windows\zip\corretto-build\buildRoot\src\hotspot\src\share\vm\prims\jni.cpp, line 711]
Event: 0.243 Thread 0x00000000004ac000 Exception <a 'sun/nio/fs/WindowsException'> (0x000000076b913730) thrown at [C:\wsjdk\Corretto8Src\installers\windows\zip\corretto-build\buildRoot\src\hotspot\src\share\vm\prims\jni.cpp, line 711]
Event: 0.475 Thread 0x00000000004ac000 Exception <a 'sun/nio/fs/WindowsException'> (0x000000076b9c9508) thrown at [C:\wsjdk\Corretto8Src\installers\windows\zip\corretto-build\buildRoot\src\hotspot\src\share\vm\prims\jni.cpp, line 711]
Event: 0.475 Thread 0x00000000004ac000 Exception <a 'sun/nio/fs/WindowsException'> (0x000000076b9c9c00) thrown at [C:\wsjdk\Corretto8Src\installers\windows\zip\corretto-build\buildRoot\src\hotspot\src\share\vm\prims\jni.cpp, line 711]
Event: 0.501 Thread 0x00000000004ac000 Exception <a 'sun/nio/fs/WindowsException'> (0x000000076badc660) thrown at [C:\wsjdk\Corretto8Src\installers\windows\zip\corretto-build\buildRoot\src\hotspot\src\share\vm\prims\jni.cpp, line 711]
Event: 0.501 Thread 0x00000000004ac000 Exception <a 'sun/nio/fs/WindowsException'> (0x000000076badcd98) thrown at [C:\wsjdk\Corretto8Src\installers\windows\zip\corretto-build\buildRoot\src\hotspot\src\share\vm\prims\jni.cpp, line 711]
Event: 0.505 Thread 0x00000000004ac000 Exception <a 'sun/nio/fs/WindowsException'> (0x000000076baf0ed0) thrown at [C:\wsjdk\Corretto8Src\installers\windows\zip\corretto-build\buildRoot\src\hotspot\src\share\vm\prims\jni.cpp, line 711]
Event: 0.505 Thread 0x00000000004ac000 Exception <a 'sun/nio/fs/WindowsException'> (0x000000076baf14c0) thrown at [C:\wsjdk\Corretto8Src\installers\windows\zip\corretto-build\buildRoot\src\hotspot\src\share\vm\prims\jni.cpp, line 711]

Events (10 events):
Event: 0.493 loading class org/lwjgl/opengl/GL$ICDStatic
Event: 0.493 loading class org/lwjgl/opengl/GL$ICDStatic done
Event: 0.505 loading class org/lwjgl/opengl/GL$2
Event: 0.505 loading class org/lwjgl/opengl/GL$2 done
Event: 0.506 loading class org/lwjgl/opengl/GL$1
Event: 0.506 loading class org/lwjgl/opengl/GL$1 done
Event: 0.506 loading class org/lwjgl/system/SharedLibrary$Delegate
Event: 0.506 loading class org/lwjgl/system/SharedLibrary$Delegate done
Event: 0.506 loading class org/lwjgl/opengl/GL11C
Event: 0.506 loading class org/lwjgl/opengl/GL11C done


Dynamic libraries:
0x00007ff782e40000 - 0x00007ff782e7a000 	C:\Users\liamd\.jdks\corretto-1.8.0_302\bin\java.exe
0x00007ffd59b90000 - 0x00007ffd59d88000 	C:\WINDOWS\SYSTEM32\ntdll.dll
0x00007ffd59a80000 - 0x00007ffd59b41000 	C:\WINDOWS\System32\KERNEL32.DLL
0x00007ffd573f0000 - 0x00007ffd576ed000 	C:\WINDOWS\System32\KERNELBASE.dll
0x00007ffd57bc0000 - 0x00007ffd57c70000 	C:\WINDOWS\System32\ADVAPI32.dll
0x00007ffd58da0000 - 0x00007ffd58e3e000 	C:\WINDOWS\System32\msvcrt.dll
0x00007ffd59980000 - 0x00007ffd59a20000 	C:\WINDOWS\System32\sechost.dll
0x00007ffd58c70000 - 0x00007ffd58d93000 	C:\WINDOWS\System32\RPCRT4.dll
0x00007ffd57240000 - 0x00007ffd57267000 	C:\WINDOWS\System32\bcrypt.dll
0x00007ffd588c0000 - 0x00007ffd58a5d000 	C:\WINDOWS\System32\USER32.dll
0x00007ffd57b20000 - 0x00007ffd57b42000 	C:\WINDOWS\System32\win32u.dll
0x00007ffd59940000 - 0x00007ffd5996b000 	C:\WINDOWS\System32\GDI32.dll
0x00007ffd577f0000 - 0x00007ffd57907000 	C:\WINDOWS\System32\gdi32full.dll
0x00007ffd57300000 - 0x00007ffd5739d000 	C:\WINDOWS\System32\msvcp_win.dll
0x00007ffd576f0000 - 0x00007ffd577f0000 	C:\WINDOWS\System32\ucrtbase.dll
0x00007ffd4c1e0000 - 0x00007ffd4c47a000 	C:\WINDOWS\WinSxS\amd64_microsoft.windows.common-controls_6595b64144ccf1df_6.0.19041.4355_none_60b8b9eb71f62e16\COMCTL32.dll
0x00007ffd59860000 - 0x00007ffd5988f000 	C:\WINDOWS\System32\IMM32.DLL
0x00007ffd263f0000 - 0x00007ffd264df000 	C:\Users\liamd\.jdks\corretto-1.8.0_302\jre\bin\msvcr120.dll
0x00007ffd287c0000 - 0x00007ffd28866000 	C:\Users\liamd\.jdks\corretto-1.8.0_302\jre\bin\msvcp120.dll
0x000000006a7d0000 - 0x000000006b040000 	C:\Users\liamd\.jdks\corretto-1.8.0_302\jre\bin\server\jvm.dll
0x00007ffd59970000 - 0x00007ffd59978000 	C:\WINDOWS\System32\PSAPI.DLL
0x00007ffd3c950000 - 0x00007ffd3c959000 	C:\WINDOWS\SYSTEM32\WSOCK32.dll
0x00007ffd4fce0000 - 0x00007ffd4fcea000 	C:\WINDOWS\SYSTEM32\VERSION.dll
0x00007ffd497d0000 - 0x00007ffd497f7000 	C:\WINDOWS\SYSTEM32\WINMM.dll
0x00007ffd597f0000 - 0x00007ffd5985b000 	C:\WINDOWS\System32\WS2_32.dll
0x00007ffd51cf0000 - 0x00007ffd51cff000 	C:\Users\liamd\.jdks\corretto-1.8.0_302\jre\bin\verify.dll
0x00007ffd39d90000 - 0x00007ffd39db9000 	C:\Users\liamd\.jdks\corretto-1.8.0_302\jre\bin\java.dll
0x00007ffd39df0000 - 0x00007ffd39e06000 	C:\Users\liamd\.jdks\corretto-1.8.0_302\jre\bin\zip.dll
0x00007ffd580f0000 - 0x00007ffd5885f000 	C:\WINDOWS\System32\SHELL32.dll
0x00007ffd552e0000 - 0x00007ffd55a83000 	C:\WINDOWS\SYSTEM32\windows.storage.dll
0x00007ffd59080000 - 0x00007ffd593d3000 	C:\WINDOWS\System32\combase.dll
0x00007ffd56c70000 - 0x00007ffd56c9e000 	C:\WINDOWS\SYSTEM32\Wldp.dll
0x00007ffd58a60000 - 0x00007ffd58b2d000 	C:\WINDOWS\System32\OLEAUT32.dll
0x00007ffd59890000 - 0x00007ffd5993d000 	C:\WINDOWS\System32\SHCORE.dll
0x00007ffd594c0000 - 0x00007ffd59515000 	C:\WINDOWS\System32\shlwapi.dll
0x00007ffd57170000 - 0x00007ffd57194000 	C:\WINDOWS\SYSTEM32\profapi.dll
0x00007ffd39860000 - 0x00007ffd3987a000 	C:\Users\liamd\.jdks\corretto-1.8.0_302\jre\bin\net.dll
0x00007ffd569d0000 - 0x00007ffd56a3a000 	C:\WINDOWS\system32\mswsock.dll
0x00007ffd39760000 - 0x00007ffd39772000 	C:\Users\liamd\.jdks\corretto-1.8.0_302\jre\bin\nio.dll
0x00007ffd26ab0000 - 0x00007ffd26b2a000 	C:\Users\liamd\AppData\Local\Temp\lwjgl_liamd\3.3.2+13\x64\lwjgl.dll
0x00007ffd26a20000 - 0x00007ffd26aa2000 	C:\Users\liamd\AppData\Local\Temp\lwjgl_liamd\3.3.2+13\x64\glfw.dll
0x00007ffd397d0000 - 0x00007ffd39815000 	C:\WINDOWS\SYSTEM32\dinput8.dll
0x00007ffd33430000 - 0x00007ffd33441000 	C:\WINDOWS\SYSTEM32\xinput1_4.dll
0x00007ffd573a0000 - 0x00007ffd573ee000 	C:\WINDOWS\System32\cfgmgr32.dll
0x00007ffd56fd0000 - 0x00007ffd57003000 	C:\WINDOWS\SYSTEM32\DEVOBJ.dll
0x00007ffd54f00000 - 0x00007ffd54f2f000 	C:\WINDOWS\SYSTEM32\dwmapi.dll
0x00007ffd3e100000 - 0x00007ffd3e252000 	C:\WINDOWS\SYSTEM32\inputhost.dll
0x00007ffd52410000 - 0x00007ffd52506000 	C:\WINDOWS\SYSTEM32\PROPSYS.dll
0x00007ffd541f0000 - 0x00007ffd542e2000 	C:\WINDOWS\SYSTEM32\CoreMessaging.dll
0x00007ffd53640000 - 0x00007ffd53797000 	C:\WINDOWS\SYSTEM32\wintypes.dll
0x00007ffd53d40000 - 0x00007ffd5409b000 	C:\WINDOWS\SYSTEM32\CoreUIComponents.dll
0x00007ffd57270000 - 0x00007ffd572f2000 	C:\WINDOWS\System32\bcryptPrimitives.dll
0x00007ffd564d0000 - 0x00007ffd56503000 	C:\WINDOWS\SYSTEM32\ntmarta.dll
0x00007ffd550e0000 - 0x00007ffd550f2000 	C:\WINDOWS\SYSTEM32\kernel.appcore.dll
0x00007ffd54bf0000 - 0x00007ffd54c8e000 	C:\WINDOWS\system32\uxtheme.dll
0x00007ffd596d0000 - 0x00007ffd597e5000 	C:\WINDOWS\System32\MSCTF.dll
0x00007ffd1fb90000 - 0x00007ffd1fcb8000 	C:\WINDOWS\SYSTEM32\opengl32.dll
0x00007ffd50ee0000 - 0x00007ffd50f0c000 	C:\WINDOWS\SYSTEM32\GLU32.dll
0x00007ffd58bc0000 - 0x00007ffd58c69000 	C:\WINDOWS\System32\clbcatq.dll
0x00007ffccea60000 - 0x00007ffcd1098000 	C:\WINDOWS\System32\DriverStore\FileRepository\nvmdi.inf_amd64_145b4bd9a54f8690\nvoglv64.dll
0x00007ffd57c70000 - 0x00007ffd580de000 	C:\WINDOWS\System32\SETUPAPI.dll
0x00007ffd58e40000 - 0x00007ffd58f6b000 	C:\WINDOWS\System32\ole32.dll
0x00007ffd52820000 - 0x00007ffd52834000 	C:\WINDOWS\SYSTEM32\WTSAPI32.dll
0x00007ffd56e00000 - 0x00007ffd56e12000 	C:\WINDOWS\SYSTEM32\msasn1.dll
0x00007ffd4fca0000 - 0x00007ffd4fcd1000 	C:\WINDOWS\SYSTEM32\cryptnet.dll
0x00007ffd57910000 - 0x00007ffd57a6c000 	C:\WINDOWS\System32\CRYPT32.dll
0x00007ffd56be0000 - 0x00007ffd56bec000 	C:\WINDOWS\SYSTEM32\cryptbase.dll
0x00007ffd4f500000 - 0x00007ffd4f647000 	C:\WINDOWS\SYSTEM32\drvstore.dll
0x00007ffd57b50000 - 0x00007ffd57bb9000 	C:\WINDOWS\System32\WINTRUST.dll
0x00007ffd58ff0000 - 0x00007ffd5900d000 	C:\WINDOWS\System32\imagehlp.dll
0x00007ffd56bc0000 - 0x00007ffd56bd8000 	C:\WINDOWS\SYSTEM32\CRYPTSP.dll
0x00007ffd56220000 - 0x00007ffd56254000 	C:\WINDOWS\system32\rsaenh.dll
0x00007ffd460a0000 - 0x00007ffd48db0000 	C:\WINDOWS\System32\DriverStore\FileRepository\nvmdi.inf_amd64_145b4bd9a54f8690\nvgpucomp64.dll
0x00007ffd4de70000 - 0x00007ffd4deab000 	C:\WINDOWS\SYSTEM32\dxcore.dll
0x00007ffd15df0000 - 0x00007ffd160c0000 	C:\WINDOWS\system32\nvspcap64.dll
0x00007ffd56780000 - 0x00007ffd567cb000 	C:\WINDOWS\SYSTEM32\powrprof.dll
0x00007ffd56680000 - 0x00007ffd56692000 	C:\WINDOWS\SYSTEM32\UMPDC.dll
0x00007ffd56470000 - 0x00007ffd564cb000 	C:\WINDOWS\SYSTEM32\WINSTA.dll
0x00007ffd3e350000 - 0x00007ffd3e449000 	C:\WINDOWS\SYSTEM32\textinputframework.dll
0x00007ffd20090000 - 0x00007ffd20112000 	C:\Users\liamd\AppData\Local\Temp\lwjgl_liamd\3.3.2+13\x64\lwjgl_stb.dll
0x00007ffd201b0000 - 0x00007ffd2020e000 	C:\Users\liamd\AppData\Local\Temp\lwjgl_liamd\3.3.2+13\x64\lwjgl_opengl.dll
0x00007ffd48e10000 - 0x00007ffd48ff4000 	C:\WINDOWS\SYSTEM32\dbghelp.dll

VM Arguments:
jvm_args: -Dfile.encoding=windows-1252 -Duser.country=US -Duser.language=en -Duser.variant 
java_command: org.lpc.Main
java_class_path (initial): D:\DesktopStorage\Intellij_Projects\Others\sandbox\build\classes\java\main;D:\DesktopStorage\Intellij_Projects\Others\sandbox\build\resources\main;C:\Users\liamd\.gradle\caches\modules-2\files-2.1\org.lwjgl\lwjgl-assimp\3.3.2\e5238c13abef6b0fd6e1b4320d3c8cd0c10bfe61\lwjgl-assimp-3.3.2.jar;C:\Users\liamd\.gradle\caches\modules-2\files-2.1\org.lwjgl\lwjgl-assimp\3.3.2\54edbc8767bde24b73187c229dbd552228230c8a\lwjgl-assimp-3.3.2-natives-windows.jar;C:\Users\liamd\.gradle\caches\modules-2\files-2.1\org.lwjgl\lwjgl-glfw\3.3.2\757920418805fb90bfebb3d46b1d9e7669fca2eb\lwjgl-glfw-3.3.2.jar;C:\Users\liamd\.gradle\caches\modules-2\files-2.1\org.lwjgl\lwjgl-glfw\3.3.2\1251e3cb7e5d6159334cfb9244f789ce992f03b\lwjgl-glfw-3.3.2-natives-windows.jar;C:\Users\liamd\.gradle\caches\modules-2\files-2.1\org.lwjgl\lwjgl-openal\3.3.2\ae5357ed6d934546d3533993ea84c0cfb75eed95\lwjgl-openal-3.3.2.jar;C:\Users\liamd\.gradle\caches\modules-2\files-2.1\org.lwjgl\lwjgl-openal\3.3.2\e74f299a602192faaf14b917632e4cbbb493c940\lwjgl-openal-3.3.2-natives-windows.jar;C:\Users\liamd\.gradle\caches\modules-2\files-2.1\org.lwjgl\lwjgl-opengl\3.3.2\ee8e95be0b438602038bc1f02dc5e3d011b1b216\lwjgl-opengl-3.3.2.jar;C:\Users\liamd\.gradle\caches\modules-2\files-2.1\org.lwjgl\lwjgl-opengl\3.3.2\83cd34469d4e0bc335bf74c7f62206530a9480bf\lwjgl-opengl-3.3.2-natives-windows.jar;C:\Users\liamd\.gradle\caches\modules-2\files-2.1\org.lwjgl\lwjgl-stb\3.3.2\a2550795014d622b686e9caac50b14baa87d2c70\lwjgl-stb-3.3.2.jar;C:\Users\liamd\.gradle\caches\modules-2\files-2.1\org.lwjgl\lwjgl-stb\3.3.2\1c4f4b8353bdb78c5264ab921436f03fc9aa1ba5\lwjgl-stb-3.3.2-natives-windows.jar;C:\Users\liamd\.gradle\caches\modules-2\files-2.1\org.lwjgl\lwjgl\3.3.2\4421d94af68e35dcaa31737a6fc59136a1e61b94\lwjgl-3.3.2.jar;C:\Users\liamd\.gradle\caches\modules-2\files-2.1\org.lwjgl\lwjgl\3.3.2\a55169ced70ffcd15f2162daf4a9c968578f6cd5\lwjgl-3.3.2-natives-windows.jar;C:\Users\liamd\.gradle\caches\modules-2\files-2.1\org.project
Launcher Type: SUN_STANDARD

Environment Variables:
JAVA_HOME=C:\Users\liamd\.jdks\open19
PATH=C:\Program Files\Common Files\Oracle\Java\javapath;C:\Program Files (x86)\Common Files\Oracle\Java\javapath;C:\Windows\system32;C:\Windows;C:\Windows\System32\Wbem;C:\Windows\System32\WindowsPowerShell\v1.0\;C:\Windows\System32\OpenSSH\;C:\Program Files (x86)\NVIDIA Corporation\PhysX\Common;C:\Program Files (x86)\Intel\Intel(R) Management Engine Components\DAL;C:\Program Files\Intel\Intel(R) Management Engine Components\DAL;C:\Program Files\Intel\WiFi\bin\;C:\Program Files\Common Files\Intel\WirelessCommon\;C:\Program Files\NVIDIA Corporation\NVIDIA NvDLISR;C:\WINDOWS\system32;C:\WINDOWS;C:\WINDOWS\System32\Wbem;C:\WINDOWS\System32\WindowsPowerShell\v1.0\;C:\WINDOWS\System32\OpenSSH\;C:\Users\liamd\Desktop\discord bots;C:\ProgramData\chocolatey\bin;C:\Program Files (x86)\dotnet\;C:\ffmpeg-4.3.2-2021-02-20-essentials_build;C:\Users\liamd\Desktop\gradle-5.4.1\bin;C:\Program Files\Git\cmd;C:\Program Files\dotnet\;C:\Program Files\nodejs\;C:\Program Files (x86)\AOMEI\AOMEI Backupper 6.3.0;C:\Program Files\Microsoft SQL Server\150\Tools\Binn\;C:\Program Files (x86)\Windows Kits\10\Windows Performance Toolkit\;C:\Users\liamd\.cargo\bin;C:\Users\liamd\AppData\Local\Microsoft\WindowsApps;D:\liamd\Microsoft VS Code\bin;C:\Users\liamd\Desktop\discord bots;C:\ffmpeg-2021-05-09-git-8649f5dca6-full_build\bin;C:\Users\liamd\Desktop\gradle-3.0-bin\gradle-3.0\bin;C:\Users\liamd\AppData\Local\GitHubDesktop\bin;C:\Users\liamd\AppData\Roaming\npm;C:\Users\liamd\.dotnet\tools;E:\Utility\pycharm\PyCharm Community Edition 2022.3.2\bin;C:\Users\liamd\AppData\Local\JetBrains\Toolbox\scripts;C:\Users\liamd\.dotnet\tools;C:\msys64\ucrt64\bin;
USERNAME=liamd
OS=Windows_NT
PROCESSOR_IDENTIFIER=Intel64 Family 6 Model 158 Stepping 10, GenuineIntel



---------------  S Y S T E M  ---------------

OS: Windows 10.0 , 64 bit Build 19041 (10.0.19041.4842)

CPU:total 6 (initial active 6) (6 cores per cpu, 1 threads per core) family 6 model 158 stepping 10, cmov, cx8, fxsr, mmx, sse, sse2, sse3, ssse3, sse4.1, sse4.2, popcnt, avx, avx2, aes, clmul, erms, 3dnowpref, lzcnt, tsc, tscinvbit, bmi1, bmi2, adx

Memory: 4k page, physical 16693084k(6133852k free), swap 57653084k(43988304k free)

vm_info: OpenJDK 64-Bit Server VM (25.302-b08) for windows-amd64 JRE (1.8.0_302-b08), built on Jul 15 2021 19:37:21 by "Administrator" with MS VC++ 12.0 (VS2013)

time: Sat Oct 05 17:09:53 2024
timezone: Romance Daylight Time
elapsed time: 0.533272 seconds (0d 0h 0m 0s)

